# JRE version: OpenJDK Runtime Environment AdoptOpenJDK (11.0.10+9) (build 11.0.10+9)
# Java VM: OpenJDK 64-Bit Server VM AdoptOpenJDK (11.0.10+9, mixed mode, tiered, compressed oops, g1 gc, windows-amd64)
Heap:
 garbage-first heap   total 755712K, used 231936K [0x0000000703600000, 0x0000000800000000)
  region size 1024K, 3 young (3072K), 3 survivors (3072K)
 Metaspace       used 81436K, capacity 86232K, committed 87892K, reserved 1126400K
  class space    used 9554K, capacity 11659K, committed 11780K, reserved 1048576K
GC Heap History (20 events):
Event: 44.930 GC heap after
{Heap after GC invocations=30 (full 0):
 garbage-first heap   total 377856K, used 226264K [0x0000000703600000, 0x0000000800000000)
  region size 1024K, 11 young (11264K), 11 survivors (11264K)
 Metaspace       used 80975K, capacity 85610K, committed 87892K, reserved 1126400K
  class space    used 9483K, capacity 11558K, committed 11780K, reserved 1048576K
}
Event: 44.972 GC heap before
{Heap before GC invocations=30 (full 0):
 garbage-first heap   total 377856K, used 232408K [0x0000000703600000, 0x0000000800000000)
  region size 1024K, 18 young (18432K), 11 survivors (11264K)
 Metaspace       used 80975K, capacity 85610K, committed 87892K, reserved 1126400K
  class space    used 9483K, capacity 11558K, committed 11780K, reserved 1048576K
}
Event: 44.990 GC heap after
{Heap after GC invocations=31 (full 0):
 garbage-first heap   total 377856K, used 218112K [0x0000000703600000, 0x0000000800000000)
  region size 1024K, 3 young (3072K), 3 survivors (3072K)
 Metaspace       used 80975K, capacity 85610K, committed 87892K, reserved 1126400K
  class space    used 9483K, capacity 11558K, committed 11780K, reserved 1048576K
}
Event: 45.063 GC heap before
{Heap before GC invocations=31 (full 0):
 garbage-first heap   total 377856K, used 238592K [0x0000000703600000, 0x0000000800000000)
  region size 1024K, 24 young (24576K), 3 survivors (3072K)
 Metaspace       used 80975K, capacity 85610K, committed 87892K, reserved 1126400K
  class space    used 9483K, capacity 11558K, committed 11780K, reserved 1048576K
}
Event: 45.080 GC heap after
{Heap after GC invocations=32 (full 0):
 garbage-first heap   total 377856K, used 237479K [0x0000000703600000, 0x0000000800000000)
  region size 1024K, 8 young (8192K), 8 survivors (8192K)
 Metaspace       used 80975K, capacity 85610K, committed 87892K, reserved 1126400K
  class space    used 9483K, capacity 11558K, committed 11780K, reserved 1048576K
}
Event: 45.576 GC heap before
{Heap before GC invocations=33 (full 0):
 garbage-first heap   total 377856K, used 238503K [0x0000000703600000, 0x0000000800000000)
  region size 1024K, 47 young (48128K), 8 survivors (8192K)
 Metaspace       used 81146K, capacity 85855K, committed 87892K, reserved 1126400K
  class space    used 9518K, capacity 11619K, committed 11780K, reserved 1048576K
}
Event: 45.593 GC heap after
{Heap after GC invocations=34 (full 0):
 garbage-first heap   total 377856K, used 215040K [0x0000000703600000, 0x0000000800000000)
  region size 1024K, 6 young (6144K), 6 survivors (6144K)
 Metaspace       used 81146K, capacity 85855K, committed 87892K, reserved 1126400K
  class space    used 9518K, capacity 11619K, committed 11780K, reserved 1048576K
}
Event: 45.623 GC heap before
{Heap before GC invocations=34 (full 0):
 garbage-first heap   total 377856K, used 227328K [0x0000000703600000, 0x0000000800000000)
  region size 1024K, 18 young (18432K), 6 survivors (6144K)
 Metaspace       used 81146K, capacity 85855K, committed 87892K, reserved 1126400K
  class space    used 9518K, capacity 11619K, committed 11780K, reserved 1048576K
}
Event: 45.645 GC heap after
{Heap after GC invocations=35 (full 0):
 garbage-first heap   total 377856K, used 199065K [0x0000000703600000, 0x0000000800000000)
  region size 1024K, 3 young (3072K), 3 survivors (3072K)
 Metaspace       used 81146K, capacity 85855K, committed 87892K, reserved 1126400K
  class space    used 9518K, capacity 11619K, committed 11780K, reserved 1048576K
}
Event: 45.661 GC heap before
{Heap before GC invocations=35 (full 0):
 garbage-first heap   total 377856K, used 202137K [0x0000000703600000, 0x0000000800000000)
  region size 1024K, 7 young (7168K), 3 survivors (3072K)
 Metaspace       used 81146K, capacity 85855K, committed 87892K, reserved 1126400K
  class space    used 9518K, capacity 11619K, committed 11780K, reserved 1048576K
}
Event: 45.669 GC heap after
{Heap after GC invocations=36 (full 0):
 garbage-first heap   total 377856K, used 202228K [0x0000000703600000, 0x0000000800000000)
  region size 1024K, 7 young (7168K), 7 survivors (7168K)
 Metaspace       used 81146K, capacity 85855K, committed 87892K, reserved 1126400K
  class space    used 9518K, capacity 11619K, committed 11780K, reserved 1048576K
}
Event: 45.919 GC heap before
{Heap before GC invocations=37 (full 0):
 garbage-first heap   total 377856K, used 223732K [0x0000000703600000, 0x0000000800000000)
  region size 1024K, 53 young (54272K), 7 survivors (7168K)
 Metaspace       used 81209K, capacity 85980K, committed 87892K, reserved 1126400K
  class space    used 9529K, capacity 11639K, committed 11780K, reserved 1048576K
}
Event: 45.948 GC heap after
{Heap after GC invocations=38 (full 0):
 garbage-first heap   total 377856K, used 208860K [0x0000000703600000, 0x0000000800000000)
  region size 1024K, 7 young (7168K), 7 survivors (7168K)
 Metaspace       used 81209K, capacity 85980K, committed 87892K, reserved 1126400K
  class space    used 9529K, capacity 11639K, committed 11780K, reserved 1048576K
}
Event: 46.060 GC heap before
{Heap before GC invocations=38 (full 0):
 garbage-first heap   total 377856K, used 219100K [0x0000000703600000, 0x0000000800000000)
  region size 1024K, 18 young (18432K), 7 survivors (7168K)
 Metaspace       used 81328K, capacity 86108K, committed 87892K, reserved 1126400K
  class space    used 9541K, capacity 11639K, committed 11780K, reserved 1048576K
}
Event: 46.076 GC heap after
{Heap after GC invocations=39 (full 0):
 garbage-first heap   total 377856K, used 209408K [0x0000000703600000, 0x0000000800000000)
  region size 1024K, 3 young (3072K), 3 survivors (3072K)
 Metaspace       used 81328K, capacity 86108K, committed 87892K, reserved 1126400K
  class space    used 9541K, capacity 11639K, committed 11780K, reserved 1048576K
}
Event: 46.310 GC heap before
{Heap before GC invocations=39 (full 0):
 garbage-first heap   total 377856K, used 257536K [0x0000000703600000, 0x0000000800000000)
  region size 1024K, 48 young (49152K), 3 survivors (3072K)
 Metaspace       used 81368K, capacity 86108K, committed 87892K, reserved 1126400K
  class space    used 9543K, capacity 11639K, committed 11780K, reserved 1048576K
}
Event: 46.374 GC heap after
{Heap after GC invocations=40 (full 0):
 garbage-first heap   total 377856K, used 237226K [0x0000000703600000, 0x0000000800000000)
  region size 1024K, 6 young (6144K), 6 survivors (6144K)
 Metaspace       used 81368K, capacity 86108K, committed 87892K, reserved 1126400K
  class space    used 9543K, capacity 11639K, committed 11780K, reserved 1048576K
}
Event: 46.651 GC heap before
{Heap before GC invocations=41 (full 0):
 garbage-first heap   total 377856K, used 254634K [0x0000000703600000, 0x0000000800000000)
  region size 1024K, 43 young (44032K), 6 survivors (6144K)
 Metaspace       used 81435K, capacity 86232K, committed 87892K, reserved 1126400K
  class space    used 9554K, capacity 11659K, committed 11780K, reserved 1048576K
}
Event: 46.676 GC heap after
{Heap after GC invocations=42 (full 0):
 garbage-first heap   total 377856K, used 244209K [0x0000000703600000, 0x0000000800000000)
  region size 1024K, 6 young (6144K), 6 survivors (6144K)
 Metaspace       used 81435K, capacity 86232K, committed 87892K, reserved 1126400K
  class space    used 9554K, capacity 11659K, committed 11780K, reserved 1048576K
}
Event: 46.731 GC heap before
{Heap before GC invocations=42 (full 0):
 garbage-first heap   total 377856K, used 257521K [0x0000000703600000, 0x0000000800000000)
  region size 1024K, 18 young (18432K), 6 survivors (6144K)
 Metaspace       used 81436K, capacity 86232K, committed 87892K, reserved 1126400K
  class space    used 9554K, capacity 11659K, committed 11780K, reserved 1048576K
}

